SPEAK: Assistant ready. Say a command or type it.
>> SPEAK: Loading schedule.json and analyzing free time.
06:00-09:00: Full workout: cardio + strength (45 minutes)
SPEAK: 06:00-09:00: Full workout: cardio + strength (45 minutes)
10:00-12:30: Full workout: cardio + strength (45 minutes)
SPEAK: 10:00-12:30: Full workout: cardio + strength (45 minutes)
13:15-15:00: Full workout: cardio + strength (45 minutes)
SPEAK: 13:15-15:00: Full workout: cardio + strength (45 minutes)
16:30-22:00: Full workout: cardio + strength (45 minutes)
SPEAK: 16:30-22:00: Full workout: cardio + strength (45 minutes)
>> SPEAK: Please type the reminder time in ISO format, e.g. 2026-01-06 14:30
Reminder time (YYYY-MM-DD HH:MM): Reminder text: Traceback (most recent call last):
  File "/workspaces/projectTest/run_main_runner.py", line 11, in <module>
    main.main()
  File "/workspaces/projectTest/main.py", line 52, in main
    handle_command(cmd)
  File "/workspaces/projectTest/main.py", line 15, in handle_command
    text = input("Reminder text: ")
           ^^^^^^^^^^^^^^^^^^^^^^^^
EOFError: EOF when reading a line
